<?xml version="1.0" encoding="UTF-8"?>
<!-- Generated by org.testng.reporters.JUnitReportReporter -->
<testsuite hostname="DESKTOP-18F0CA9" name="test.facebook.PracticeAssert" tests="1" failures="0" timestamp="31 Mar 2019 16:26:57 GMT" time="0.008" errors="0">
  <testcase name="trycatchTest" time="0.008" classname="test.facebook.PracticeAssert"/>
</testsuite> <!-- test.facebook.PracticeAssert -->
