<?xml version="1.0" encoding="UTF-8"?>
<!-- Generated by org.testng.reporters.JUnitReportReporter -->
<testsuite hostname="DESKTOP-18F0CA9" name="test.facebook.DepandingOn" tests="3" failures="0" timestamp="14 Apr 2019 16:16:58 GMT" time="0.017" errors="0">
  <testcase name="LogOut" time="0.001" classname="test.facebook.DepandingOn"/>
  <testcase name="SignIn" time="0.000" classname="test.facebook.DepandingOn"/>
  <testcase name="openBrowser" time="0.016" classname="test.facebook.DepandingOn"/>
</testsuite> <!-- test.facebook.DepandingOn -->
