<?xml version="1.0" encoding="UTF-8"?>
<!-- Generated by org.testng.reporters.JUnitReportReporter -->
<testsuite hostname="DESKTOP-18F0CA9" name="test.facebook.FacebookEmailandPassword" tests="1" failures="0" timestamp="31 Mar 2019 15:26:42 GMT" time="12.479" errors="0">
  <testcase name="testFacebookEmailPass" time="12.479" classname="test.facebook.FacebookEmailandPassword"/>
</testsuite> <!-- test.facebook.FacebookEmailandPassword -->
