<?xml version="1.0" encoding="UTF-8"?>
<!-- Generated by org.testng.reporters.JUnitReportReporter -->
<testsuite hostname="DESKTOP-18F0CA9" name="test.facebook.LoginFacebook" tests="1" failures="0" timestamp="14 Apr 2019 15:23:11 GMT" time="8.272" errors="0">
  <testcase name="testFacebookSignup" time="8.272" classname="test.facebook.LoginFacebook"/>
</testsuite> <!-- test.facebook.LoginFacebook -->
