<?xml version="1.0" encoding="UTF-8"?>
<!-- Generated by org.testng.reporters.JUnitReportReporter -->
<testsuite hostname="DESKTOP-18F0CA9" name="test.facebook.FacebookEmailandPassword" tests="1" failures="0" timestamp="14 Apr 2019 15:23:11 GMT" time="7.951" errors="0">
  <testcase name="testFacebookEmailPass" time="7.951" classname="test.facebook.FacebookEmailandPassword"/>
</testsuite> <!-- test.facebook.FacebookEmailandPassword -->
