<?xml version="1.0" encoding="UTF-8"?>
<!-- Generated by org.testng.reporters.JUnitReportReporter -->
<testsuite hostname="DESKTOP-18F0CA9" name="test.facebook.Practice" tests="2" failures="0" timestamp="14 Apr 2019 15:23:11 GMT" time="0.003" errors="0">
  <testcase name="my2Test" time="0.001" classname="test.facebook.Practice"/>
  <testcase name="myTest" time="0.002" classname="test.facebook.Practice"/>
</testsuite> <!-- test.facebook.Practice -->
