<?xml version="1.0" encoding="UTF-8"?>
<!-- Generated by org.testng.reporters.JUnitReportReporter -->
<testsuite hostname="DESKTOP-18F0CA9" name="test.facebook.LoginFacebook" tests="1" failures="0" timestamp="24 Mar 2019 16:43:37 GMT" time="7.142" errors="0">
  <testcase name="testfacebookSignUp" time="7.142" classname="test.facebook.LoginFacebook"/>
</testsuite> <!-- test.facebook.LoginFacebook -->
