<?xml version="1.0" encoding="UTF-8"?>
<!-- Generated by org.testng.reporters.JUnitReportReporter -->
<testsuite hostname="DESKTOP-18F0CA9" name="test.facebook.AnnotationPrec" tests="2" failures="0" timestamp="30 Apr 2019 23:25:58 GMT" time="0.004" errors="0">
  <testcase name="my2Test" time="0.001" classname="test.facebook.AnnotationPrec"/>
  <testcase name="myTest" time="0.003" classname="test.facebook.AnnotationPrec"/>
</testsuite> <!-- test.facebook.AnnotationPrec -->
