<?xml version="1.0" encoding="UTF-8"?>
<!-- Generated by org.testng.reporters.JUnitReportReporter -->
<testsuite hostname="DESKTOP-18F0CA9" name="test.facebook.GroupingOn" tests="4" failures="0" timestamp="14 Apr 2019 15:52:45 GMT" time="0.003" errors="0">
  <testcase name="talentTEK_Consulting" time="0.001" classname="test.facebook.GroupingOn"/>
  <testcase name="talentTEK2" time="0.001" classname="test.facebook.GroupingOn"/>
  <testcase name="talentTEK1" time="0.000" classname="test.facebook.GroupingOn"/>
  <testcase name="Consulting2" time="0.001" classname="test.facebook.GroupingOn"/>
</testsuite> <!-- test.facebook.GroupingOn -->
