<?xml version="1.0" encoding="UTF-8"?>
<!-- Generated by org.testng.reporters.JUnitReportReporter -->
<testsuite hostname="DESKTOP-18F0CA9" name="test.facebook.PrecTryCatch" tests="1" failures="0" timestamp="31 Mar 2019 16:24:19 GMT" time="0.009" errors="0">
  <testcase name="trycatchTest" time="0.009" classname="test.facebook.PrecTryCatch"/>
</testsuite> <!-- test.facebook.PrecTryCatch -->
