<?xml version="1.0" encoding="UTF-8"?>
<!-- Generated by org.testng.reporters.JUnitReportReporter -->
<testsuite hostname="DESKTOP-18F0CA9" name="test.facebook.PrecTryCatch" tests="1" failures="0" timestamp="30 Apr 2019 23:25:58 GMT" time="0.000" errors="0">
  <testcase name="trycatchTest" time="0.000" classname="test.facebook.PrecTryCatch"/>
</testsuite> <!-- test.facebook.PrecTryCatch -->
